[debug] [2024-05-20T05:46:16.685Z] ----------------------------------------------------------------------
[debug] [2024-05-20T05:46:16.687Z] Command:       /usr/local/share/nvm/versions/node/v20.12.1/bin/node /home/codespace/nvm/current/bin/firebase hosting:sites:create dose-ninja-app-123
[debug] [2024-05-20T05:46:16.687Z] CLI Version:   13.9.0
[debug] [2024-05-20T05:46:16.687Z] Platform:      linux
[debug] [2024-05-20T05:46:16.687Z] Node Version:  v20.12.1
[debug] [2024-05-20T05:46:16.687Z] Time:          Mon May 20 2024 05:46:16 GMT+0000 (Coordinated Universal Time)
[debug] [2024-05-20T05:46:16.687Z] Env Overrides: GITHUB_API_URL
[debug] [2024-05-20T05:46:16.687Z] ----------------------------------------------------------------------
[debug] 
[debug] [2024-05-20T05:46:16.739Z] > command requires scopes: ["email","openid","https://www.googleapis.com/auth/cloudplatformprojects.readonly","https://www.googleapis.com/auth/firebase","https://www.googleapis.com/auth/cloud-platform"]
[debug] [2024-05-20T05:46:16.740Z] > authorizing via signed-in user (albertlwatson@gmail.com)
[debug] [2024-05-20T05:46:16.740Z] [iam] checking project dose-ninja-app for permissions ["firebase.projects.get","firebasehosting.sites.update"]
[debug] [2024-05-20T05:46:16.741Z] >>> [apiv2][query] POST https://cloudresourcemanager.googleapis.com/v1/projects/dose-ninja-app:testIamPermissions [none]
[debug] [2024-05-20T05:46:16.742Z] >>> [apiv2][(partial)header] POST https://cloudresourcemanager.googleapis.com/v1/projects/dose-ninja-app:testIamPermissions x-goog-quota-user=projects/dose-ninja-app
[debug] [2024-05-20T05:46:16.742Z] >>> [apiv2][body] POST https://cloudresourcemanager.googleapis.com/v1/projects/dose-ninja-app:testIamPermissions {"permissions":["firebase.projects.get","firebasehosting.sites.update"]}
[debug] [2024-05-20T05:46:17.000Z] <<< [apiv2][status] POST https://cloudresourcemanager.googleapis.com/v1/projects/dose-ninja-app:testIamPermissions 200
[debug] [2024-05-20T05:46:17.000Z] <<< [apiv2][body] POST https://cloudresourcemanager.googleapis.com/v1/projects/dose-ninja-app:testIamPermissions {"permissions":["firebase.projects.get","firebasehosting.sites.update"]}
[debug] [2024-05-20T05:46:17.000Z] >>> [apiv2][query] GET https://firebase.googleapis.com/v1beta1/projects/dose-ninja-app [none]
[debug] [2024-05-20T05:46:17.330Z] <<< [apiv2][status] GET https://firebase.googleapis.com/v1beta1/projects/dose-ninja-app 200
[debug] [2024-05-20T05:46:17.330Z] <<< [apiv2][body] GET https://firebase.googleapis.com/v1beta1/projects/dose-ninja-app {"projectId":"dose-ninja-app","projectNumber":"133436426469","displayName":"Dose-Ninja-app","name":"projects/dose-ninja-app","resources":{"hostingSite":"dose-ninja-app","realtimeDatabaseInstance":"dose-ninja-app-default-rtdb","storageBucket":"dose-ninja-app.appspot.com","locationId":"us-west2"},"state":"ACTIVE","etag":"1_ae4a4fd6-69b1-4c37-8165-9ea089a474a6"}
[debug] [2024-05-20T05:46:17.331Z] >>> [apiv2][query] POST https://firebasehosting.googleapis.com/v1beta1/projects/133436426469/sites siteId=dose-ninja-app-123
[debug] [2024-05-20T05:46:17.331Z] >>> [apiv2][body] POST https://firebasehosting.googleapis.com/v1beta1/projects/133436426469/sites {"appId":""}
[debug] [2024-05-20T05:46:18.090Z] <<< [apiv2][status] POST https://firebasehosting.googleapis.com/v1beta1/projects/133436426469/sites 409
[debug] [2024-05-20T05:46:18.090Z] <<< [apiv2][body] POST https://firebasehosting.googleapis.com/v1beta1/projects/133436426469/sites {"error":{"code":409,"message":"Site `projects/133436426469/sites/dose-ninja-app-123` already exists.","status":"ALREADY_EXISTS"}}
[warn] ⚠  HTTP Error: 409, Site `projects/133436426469/sites/dose-ninja-app-123` already exists. 
[debug] [2024-05-20T05:46:42.287Z] >>> [apiv2][query] POST https://firebasehosting.googleapis.com/v1beta1/projects/133436426469/sites siteId=firebase+hosting%3Asites%3Acreate+dose-ninja-app-123
[debug] [2024-05-20T05:46:42.287Z] >>> [apiv2][body] POST https://firebasehosting.googleapis.com/v1beta1/projects/133436426469/sites {"appId":""}
[debug] [2024-05-20T05:46:43.023Z] <<< [apiv2][status] POST https://firebasehosting.googleapis.com/v1beta1/projects/133436426469/sites 400
[debug] [2024-05-20T05:46:43.023Z] <<< [apiv2][body] POST https://firebasehosting.googleapis.com/v1beta1/projects/133436426469/sites {"error":{"code":400,"message":"Invalid name: `firebase hosting:sites:create dose-ninja-app-123` is invalid; try something like `fir-hosting-sites-create-dose-ninja-app-123` instead","status":"INVALID_ARGUMENT"}}
[warn] ⚠  Invalid name: `firebase hosting:sites:create dose-ninja-app-123` is invalid; try something like `fir-hosting-sites-create-dose-ninja-app-123` instead 
